<?xml version="1.0" encoding="UTF-8"?>
<!-- Generated by org.testng.reporters.JUnitReportReporter -->
<testsuite hostname="Fadi-PC" failures="0" tests="1" name="SignUp" time="19.095" errors="0" timestamp="2023-03-14T07:35:34 EET" skipped="0">
  <testcase classname="SignUp" name="Test1SignUP" time="19.095"/>
  <system-out/>
</testsuite> <!-- SignUp -->
