<?xml version="1.0" encoding="UTF-8"?>
<!-- Generated by org.testng.reporters.JUnitReportReporter -->
<testsuite hostname="Fadi-PC" failures="0" tests="2" name="SideTest" time="94.258" errors="0" timestamp="2023-03-15T15:46:55 EET" skipped="0">
  <testcase classname="SideTest" name="Test4CheckOut" time="73.850"/>
  <system-out/>
  <testcase classname="SideTest" name="Test5PlaceOrder" time="20.408"/>
  <system-out/>
</testsuite> <!-- SideTest -->
