<?xml version="1.0" encoding="UTF-8"?>
<!-- Generated by org.testng.reporters.JUnitReportReporter -->
<testsuite hostname="Fadi-PC" failures="0" tests="2" name="Reorder" time="23.814" errors="0" timestamp="2023-03-16T16:01:15 EET" skipped="0">
  <testcase classname="Reorder" name="SignIN" time="9.491"/>
  <system-out/>
  <testcase classname="Reorder" name="Test7CostCheck" time="14.323"/>
  <system-out/>
</testsuite> <!-- Reorder -->
