<?xml version="1.0" encoding="UTF-8"?>
<!-- Generated by org.testng.reporters.JUnitReportReporter -->
<testsuite hostname="Fadi-PC" failures="0" tests="13" name="Tests" time="210.191" errors="0" timestamp="2023-03-15T10:01:17 EET" skipped="0">
  <testcase classname="Tests" name="Test1SignUP" time="14.458"/>
  <system-out/>
  <testcase classname="Tests" name="Test2RandomSearch" time="14.821"/>
  <system-out/>
  <testcase classname="Tests" name="Test3RandomAdditionRadiantTee" time="21.507"/>
  <system-out/>
  <testcase classname="Tests" name="Test3RandomAdditionRadiantTee" time="20.061"/>
  <system-out/>
  <testcase classname="Tests" name="Test3RandomAdditionRadiantTee" time="16.592"/>
  <system-out/>
  <testcase classname="Tests" name="Test3RandomAdditionBreath_EasyTank" time="15.713"/>
  <system-out/>
  <testcase classname="Tests" name="Test3RandomAdditionBreath_EasyTank" time="15.799"/>
  <system-out/>
  <testcase classname="Tests" name="Test3RandomAdditionArgusAll_WeatherTank" time="15.475"/>
  <system-out/>
  <testcase classname="Tests" name="Test3RandomAdditionArgusAll_WeatherTank" time="15.903"/>
  <system-out/>
  <testcase classname="Tests" name="Test3RandomAdditionArgusAll_WeatherTank" time="15.755"/>
  <system-out/>
  <testcase classname="Tests" name="Test3RandomAdditionArgusAll_WeatherTank" time="15.857"/>
  <system-out/>
  <testcase classname="Tests" name="Test3RandomAdditionHeroHoodie" time="15.716"/>
  <system-out/>
  <testcase classname="Tests" name="Test3AddFusionBackpack" time="12.534"/>
  <system-out/>
</testsuite> <!-- Tests -->
